2019-11-13 09:55:05 [INFO ](com.navercorp.pinpoint.bootstrap.PinpointBootStrap) pinpoint agentArgs:
2019-11-13 09:55:05 [INFO ](com.navercorp.pinpoint.bootstrap.AgentDirBaseClassPathResolver) Agent original-path:/opt/oss/servicemgr/ICAgent/pinpoint
2019-11-13 09:55:05 [INFO ](com.navercorp.pinpoint.bootstrap.AgentDirBaseClassPathResolver) Agent canonical-path:/opt/oss/servicemgr/ICAgent/pinpoint
2019-11-13 09:55:05 [INFO ](com.navercorp.pinpoint.bootstrap.AgentDirBaseClassPathResolver) found pinpoint-commons. /opt/oss/servicemgr/ICAgent/pinpoint/boot/pinpoint-commons-1.6.0-SNAPSHOT.jar
2019-11-13 09:55:05 [INFO ](com.navercorp.pinpoint.bootstrap.AgentDirBaseClassPathResolver) found bootStrapCore. /opt/oss/servicemgr/ICAgent/pinpoint/boot/pinpoint-bootstrap-core-1.6.0-SNAPSHOT.jar
2019-11-13 09:55:05 [INFO ](com.navercorp.pinpoint.bootstrap.AgentDirBaseClassPathResolver) found bootStrapCoreOptional. /opt/oss/servicemgr/ICAgent/pinpoint/boot/pinpoint-bootstrap-core-optional-1.6.0-SNAPSHOT.jar
2019-11-13 09:55:05 [INFO ](com.navercorp.pinpoint.bootstrap.PinpointBootStrap) appendToBootstrapClassLoader:/opt/oss/servicemgr/ICAgent/pinpoint/boot/pinpoint-commons-1.6.0-SNAPSHOT.jar
2019-11-13 09:55:05 [INFO ](com.navercorp.pinpoint.bootstrap.PinpointBootStrap) appendToBootstrapClassLoader:/opt/oss/servicemgr/ICAgent/pinpoint/boot/pinpoint-bootstrap-core-1.6.0-SNAPSHOT.jar
2019-11-13 09:55:05 [INFO ](com.navercorp.pinpoint.bootstrap.PinpointBootStrap) appendToBootstrapClassLoader:/opt/oss/servicemgr/ICAgent/pinpoint/boot/pinpoint-bootstrap-core-optional-1.6.0-SNAPSHOT.jar
Event sent to the database at 2019-11-13 09:55:05
Event sent to the database at 2019-11-13 09:55:08
Event sent to the database at 2019-11-13 09:55:10
Event sent to the database at 2019-11-13 09:55:12
Event sent to the database at 2019-11-13 09:55:14
Event sent to the database at 2019-11-13 09:55:16
Event sent to the database at 2019-11-13 09:55:18
Event sent to the database at 2019-11-13 09:55:20
Event sent to the database at 2019-11-13 09:55:22
Event sent to the database at 2019-11-13 09:55:24
Event sent to the database at 2019-11-13 09:55:26
Event sent to the database at 2019-11-13 09:55:28
Event sent to the database at 2019-11-13 09:55:30
Event sent to the database at 2019-11-13 09:55:32
Event sent to the database at 2019-11-13 09:55:34
Event sent to the database at 2019-11-13 09:55:36
Event sent to the database at 2019-11-13 09:55:38
Event sent to the database at 2019-11-13 09:55:40
Event sent to the database at 2019-11-13 09:55:42
Event sent to the database at 2019-11-13 09:55:44
Event sent to the database at 2019-11-13 09:55:46
Event sent to the database at 2019-11-13 09:55:48
Event sent to the database at 2019-11-13 09:55:50
Event sent to the database at 2019-11-13 09:55:52
Event sent to the database at 2019-11-13 09:55:54
Event sent to the database at 2019-11-13 09:55:56
Event sent to the database at 2019-11-13 09:55:58
Event sent to the database at 2019-11-13 09:56:00
Event sent to the database at 2019-11-13 09:56:02
Event sent to the database at 2019-11-13 09:56:04
Event sent to the database at 2019-11-13 09:56:06
Event sent to the database at 2019-11-13 09:56:08
Event sent to the database at 2019-11-13 09:56:10
Event sent to the database at 2019-11-13 09:56:12
Event sent to the database at 2019-11-13 09:56:14
Event sent to the database at 2019-11-13 09:56:16
Event sent to the database at 2019-11-13 09:56:18
Event sent to the database at 2019-11-13 09:56:20
Event sent to the database at 2019-11-13 09:56:22
Event sent to the database at 2019-11-13 09:56:24
Event sent to the database at 2019-11-13 09:56:26
Event sent to the database at 2019-11-13 09:56:28
Event sent to the database at 2019-11-13 09:56:30
Event sent to the database at 2019-11-13 09:56:32
Event sent to the database at 2019-11-13 09:56:34
Event sent to the database at 2019-11-13 09:56:36
Event sent to the database at 2019-11-13 09:56:38
Event sent to the database at 2019-11-13 09:56:40
Event sent to the database at 2019-11-13 09:56:42
Event sent to the database at 2019-11-13 09:56:44
Event sent to the database at 2019-11-13 09:56:46
Event sent to the database at 2019-11-13 09:56:48
Event sent to the database at 2019-11-13 09:56:50
Event sent to the database at 2019-11-13 09:56:52
Event sent to the database at 2019-11-13 09:56:54
Event sent to the database at 2019-11-13 09:56:56
Event sent to the database at 2019-11-13 09:56:58
Event sent to the database at 2019-11-13 09:57:00
Event sent to the database at 2019-11-13 09:57:02
Event sent to the database at 2019-11-13 09:57:04
Event sent to the database at 2019-11-13 09:57:06
Event sent to the database at 2019-11-13 09:57:08
Event sent to the database at 2019-11-13 09:57:10
Event sent to the database at 2019-11-13 09:57:12
Event sent to the database at 2019-11-13 09:57:14
Event sent to the database at 2019-11-13 09:57:16
Event sent to the database at 2019-11-13 09:57:18
Event sent to the database at 2019-11-13 09:57:21
Event sent to the database at 2019-11-13 09:57:23
Event sent to the database at 2019-11-13 09:57:25
Event sent to the database at 2019-11-13 09:57:27
Event sent to the database at 2019-11-13 09:57:29
Event sent to the database at 2019-11-13 09:57:31
Event sent to the database at 2019-11-13 09:57:33
Event sent to the database at 2019-11-13 09:57:35
Event sent to the database at 2019-11-13 09:57:37
Event sent to the database at 2019-11-13 09:57:39
Event sent to the database at 2019-11-13 09:57:41
Event sent to the database at 2019-11-13 09:57:43
Event sent to the database at 2019-11-13 09:57:45
Event sent to the database at 2019-11-13 09:57:47
Event sent to the database at 2019-11-13 09:57:49
Event sent to the database at 2019-11-13 09:57:51
Event sent to the database at 2019-11-13 09:57:53
Event sent to the database at 2019-11-13 09:57:55
Event sent to the database at 2019-11-13 09:57:57
Event sent to the database at 2019-11-13 09:57:59
Event sent to the database at 2019-11-13 09:58:01
Event sent to the database at 2019-11-13 09:58:03
Event sent to the database at 2019-11-13 09:58:05
Event sent to the database at 2019-11-13 09:58:07
Event sent to the database at 2019-11-13 09:58:09
Event sent to the database at 2019-11-13 09:58:11
Event sent to the database at 2019-11-13 09:58:13
Event sent to the database at 2019-11-13 09:58:15
Event sent to the database at 2019-11-13 09:58:17
Event sent to the database at 2019-11-13 09:58:19
Event sent to the database at 2019-11-13 09:58:21
Event sent to the database at 2019-11-13 09:58:23
Event sent to the database at 2019-11-13 09:58:25
Event sent to the database at 2019-11-13 09:58:27
Event sent to the database at 2019-11-13 09:58:29
Event sent to the database at 2019-11-13 09:58:31
Event sent to the database at 2019-11-13 09:58:33
Event sent to the database at 2019-11-13 09:58:35
Event sent to the database at 2019-11-13 09:58:37
Event sent to the database at 2019-11-13 09:58:39
Event sent to the database at 2019-11-13 09:58:41
Event sent to the database at 2019-11-13 09:58:43
Event sent to the database at 2019-11-13 09:58:45
Event sent to the database at 2019-11-13 09:58:47
Event sent to the database at 2019-11-13 09:58:49
Event sent to the database at 2019-11-13 09:58:51
Event sent to the database at 2019-11-13 09:58:53
Event sent to the database at 2019-11-13 09:58:55
Event sent to the database at 2019-11-13 09:58:57
Event sent to the database at 2019-11-13 09:58:59
Event sent to the database at 2019-11-13 09:59:01
Event sent to the database at 2019-11-13 09:59:03
Event sent to the database at 2019-11-13 09:59:05
Event sent to the database at 2019-11-13 09:59:07
Event sent to the database at 2019-11-13 09:59:09
Event sent to the database at 2019-11-13 09:59:11
Event sent to the database at 2019-11-13 09:59:13
Event sent to the database at 2019-11-13 09:59:15
Event sent to the database at 2019-11-13 09:59:17
Event sent to the database at 2019-11-13 09:59:19
Event sent to the database at 2019-11-13 09:59:21
Event sent to the database at 2019-11-13 09:59:23
Event sent to the database at 2019-11-13 09:59:25
Event sent to the database at 2019-11-13 09:59:27
Event sent to the database at 2019-11-13 09:59:29
Event sent to the database at 2019-11-13 09:59:31
Event sent to the database at 2019-11-13 09:59:33
Event sent to the database at 2019-11-13 09:59:35
Event sent to the database at 2019-11-13 09:59:37
Event sent to the database at 2019-11-13 09:59:39
Event sent to the database at 2019-11-13 09:59:41
Event sent to the database at 2019-11-13 09:59:43
Event sent to the database at 2019-11-13 09:59:45
Event sent to the database at 2019-11-13 09:59:47
Event sent to the database at 2019-11-13 09:59:49
Event sent to the database at 2019-11-13 09:59:51
Event sent to the database at 2019-11-13 09:59:53
Event sent to the database at 2019-11-13 09:59:55
Event sent to the database at 2019-11-13 09:59:57
Event sent to the database at 2019-11-13 09:59:59
Event sent to the database at 2019-11-13 10:00:01
Event sent to the database at 2019-11-13 10:00:03
Event sent to the database at 2019-11-13 10:00:05
Event sent to the database at 2019-11-13 10:00:07
Event sent to the database at 2019-11-13 10:00:09
Event sent to the database at 2019-11-13 10:00:11
Event sent to the database at 2019-11-13 10:00:13
Event sent to the database at 2019-11-13 10:00:15
Event sent to the database at 2019-11-13 10:00:17
Event sent to the database at 2019-11-13 10:00:19
Event sent to the database at 2019-11-13 10:00:21
Event sent to the database at 2019-11-13 10:00:23
Event sent to the database at 2019-11-13 10:00:25
Event sent to the database at 2019-11-13 10:00:27
Event sent to the database at 2019-11-13 10:00:29
Event sent to the database at 2019-11-13 10:00:31
Event sent to the database at 2019-11-13 10:00:33
Event sent to the database at 2019-11-13 10:00:35
Event sent to the database at 2019-11-13 10:00:37
Event sent to the database at 2019-11-13 10:00:39
Event sent to the database at 2019-11-13 10:00:41
Event sent to the database at 2019-11-13 10:00:43
Event sent to the database at 2019-11-13 10:00:45
Event sent to the database at 2019-11-13 10:00:47
Event sent to the database at 2019-11-13 10:00:49
Event sent to the database at 2019-11-13 10:00:51
Event sent to the database at 2019-11-13 10:00:53
Event sent to the database at 2019-11-13 10:00:55
Event sent to the database at 2019-11-13 10:00:57
